<?xml version="1.0" encoding="UTF-8"?>
<!-- Generated by org.testng.reporters.JUnitReportReporter -->
<testsuite hostname="MSI" failures="0" tests="1" name="test.Drshethstest" time="19.635" errors="0" timestamp="2023-07-25T17:18:05 IST" skipped="0">
  <testcase classname="test.Drshethstest" name="testing" time="19.635"/>
</testsuite> <!-- test.Drshethstest -->
